<?xml version="1.0" encoding="UTF-8"?>
<testsuite xmlns:xsi="http://www.w3.org/2001/XMLSchema-instance" xsi:noNamespaceSchemaLocation="https://maven.apache.org/surefire/maven-surefire-plugin/xsd/surefire-test-report-3.0.xsd" version="3.0" name="com.fasts.nu.student.GradeDataDrivenTest" time="2.602" tests="32" errors="0" skipped="0" failures="0">
  <properties>
[...]
</properties>
  <testcase name="should_returnCorrectGrade_when_marksReadFromCSV(double, String)[5]" classname="com.fasts.nu.student.GradeDataDrivenTest" time="0.063">
    <system-err><![CDATA[ERROR StatusLogger Log4j2 could not find a logging implementation. Please add log4j-core to the classpath. Using SimpleLogger to log to the console...
]]></system-err>
  </testcase>
  <testcase name="should_returnCorrectGrade_when_marksReadFromCSV(double, String)[6]" classname="com.fasts.nu.student.GradeDataDrivenTest" time="0.003"/>
  <testcase name="should_returnCorrectGrade_when_marksReadFromCSV(double, String)[7]" classname="com.fasts.nu.student.GradeDataDrivenTest" time="0.002"/>
  <testcase name="should_returnCorrectGrade_when_marksReadFromCSV(double, String)[8]" classname="com.fasts.nu.student.GradeDataDrivenTest" time="0.004"/>
  <testcase name="should_returnCorrectGrade_when_marksReadFromCSV(double, String)[9]" classname="com.fasts.nu.student.GradeDataDrivenTest" time="0.002"/>
  <testcase name="should_returnCorrectGrade_when_marksReadFromCSV(double, String)[10]" classname="com.fasts.nu.student.GradeDataDrivenTest" time="0.002"/>
  <testcase name="should_returnCorrectGrade_when_marksReadFromCSV(double, String)[11]" classname="com.fasts.nu.student.GradeDataDrivenTest" time="0.001"/>
  <testcase name="should_returnCorrectGrade_when_marksReadFromCSV(double, String)[12]" classname="com.fasts.nu.student.GradeDataDrivenTest" time="0.002"/>
  <testcase name="should_returnCorrectGrade_when_marksReadFromCSV(double, String)[1]" classname="com.fasts.nu.student.GradeDataDrivenTest" time="0.003"/>
  <testcase name="should_returnCorrectGrade_when_marksReadFromCSV(double, String)[2]" classname="com.fasts.nu.student.GradeDataDrivenTest" time="0.001"/>
  <testcase name="should_returnCorrectGrade_when_marksReadFromCSV(double, String)[3]" classname="com.fasts.nu.student.GradeDataDrivenTest" time="0.001"/>
  <testcase name="should_returnCorrectGrade_when_marksReadFromCSV(double, String)[4]" classname="com.fasts.nu.student.GradeDataDrivenTest" time="0.001"/>
  <testcase name="should_returnCorrectGrade_when_stressMarksFromExcel(double, String)[5]" classname="com.fasts.nu.student.GradeDataDrivenTest" time="0.001"/>
  <testcase name="should_returnCorrectGrade_when_validMarksFromExcel(double, String)[5]" classname="com.fasts.nu.student.GradeDataDrivenTest" time="0.002"/>
  <testcase name="should_returnCorrectGrade_when_boundaryMarksFromExcel(double, String)[5]" classname="com.fasts.nu.student.GradeDataDrivenTest" time="0.001"/>
  <testcase name="should_returnCorrectGrade_when_stressMarksFromExcel(double, String)[3]" classname="com.fasts.nu.student.GradeDataDrivenTest" time="0.002"/>
  <testcase name="should_returnCorrectGrade_when_boundaryMarksFromExcel(double, String)[1]" classname="com.fasts.nu.student.GradeDataDrivenTest" time="0.003"/>
  <testcase name="should_returnCorrectGrade_when_validMarksFromExcel(double, String)[4]" classname="com.fasts.nu.student.GradeDataDrivenTest" time="0.004"/>
  <testcase name="should_returnCorrectGrade_when_stressMarksFromExcel(double, String)[4]" classname="com.fasts.nu.student.GradeDataDrivenTest" time="0.002"/>
  <testcase name="should_returnCorrectGrade_when_validMarksFromExcel(double, String)[3]" classname="com.fasts.nu.student.GradeDataDrivenTest" time="0.001"/>
  <testcase name="should_returnCorrectGrade_when_boundaryMarksFromExcel(double, String)[2]" classname="com.fasts.nu.student.GradeDataDrivenTest" time="0.002"/>
  <testcase name="should_returnCorrectGrade_when_stressMarksFromExcel(double, String)[1]" classname="com.fasts.nu.student.GradeDataDrivenTest" time="0.001"/>
  <testcase name="should_returnF_when_invalidNegativeMarksFromExcel(double, String)[5]" classname="com.fasts.nu.student.GradeDataDrivenTest" time="0.009"/>
  <testcase name="should_returnCorrectGrade_when_validMarksFromExcel(double, String)[2]" classname="com.fasts.nu.student.GradeDataDrivenTest" time="0.002"/>
  <testcase name="should_returnCorrectGrade_when_boundaryMarksFromExcel(double, String)[3]" classname="com.fasts.nu.student.GradeDataDrivenTest" time="0.002"/>
  <testcase name="should_returnCorrectGrade_when_validMarksFromExcel(double, String)[1]" classname="com.fasts.nu.student.GradeDataDrivenTest" time="0.002"/>
  <testcase name="should_returnF_when_invalidNegativeMarksFromExcel(double, String)[4]" classname="com.fasts.nu.student.GradeDataDrivenTest" time="0.002"/>
  <testcase name="should_returnF_when_invalidNegativeMarksFromExcel(double, String)[2]" classname="com.fasts.nu.student.GradeDataDrivenTest" time="0.002"/>
  <testcase name="should_returnCorrectGrade_when_boundaryMarksFromExcel(double, String)[4]" classname="com.fasts.nu.student.GradeDataDrivenTest" time="0.002"/>
  <testcase name="should_returnF_when_invalidNegativeMarksFromExcel(double, String)[1]" classname="com.fasts.nu.student.GradeDataDrivenTest" time="0.002"/>
  <testcase name="should_returnCorrectGrade_when_stressMarksFromExcel(double, String)[2]" classname="com.fasts.nu.student.GradeDataDrivenTest" time="0.001"/>
  <testcase name="should_returnF_when_invalidNegativeMarksFromExcel(double, String)[3]" classname="com.fasts.nu.student.GradeDataDrivenTest" time="0.001"/>
</testsuite>