<?xml version="1.0" encoding="UTF-8"?>
<testsuite xmlns:xsi="http://www.w3.org/2001/XMLSchema-instance" xsi:noNamespaceSchemaLocation="https://maven.apache.org/surefire/maven-surefire-plugin/xsd/surefire-test-report-3.0.xsd" version="3.0" name="com.fasts.nu.student.GradeTest" time="0.11" tests="33" errors="0" skipped="0" failures="0">
  <properties>
[...]
</properties>
  <testcase name="should_returnGradeA_when_marksAre95" classname="com.fasts.nu.student.GradeTest" time="0.004"/>
  <testcase name="should_returnGradeB_when_marksAre85" classname="com.fasts.nu.student.GradeTest" time="0.001"/>
  <testcase name="should_returnGradeC_when_marksAre75" classname="com.fasts.nu.student.GradeTest" time="0.002"/>
  <testcase name="should_returnGradeD_when_marksAre65" classname="com.fasts.nu.student.GradeTest" time="0.002"/>
  <testcase name="should_returnGradeF_when_marksAre50" classname="com.fasts.nu.student.GradeTest" time="0.003"/>
  <testcase name="should_returnGradeA_when_marksAreExactly90" classname="com.fasts.nu.student.GradeTest" time="0.003"/>
  <testcase name="should_returnGradeB_when_marksAreExactly80" classname="com.fasts.nu.student.GradeTest" time="0.002"/>
  <testcase name="should_returnGradeF_when_marksAreZero" classname="com.fasts.nu.student.GradeTest" time="0.003">
    <system-out><![CDATA[
=== All Students ===
Student{studentId='S001', name='Ali', email='ali@nu.edu.pk', age=20}

=== All Courses ===
Course{courseId='CS101', courseName='Programming', credits=3, teacherName='Dr. Ahmed'}

=== Demo Completed ===
]]></system-out>
  </testcase>
  <testcase name="should_returnGradeA_when_marksAre100" classname="com.fasts.nu.student.GradeTest" time="0.002"/>
  <testcase name="should_notReturnA_when_marksAreBelow90" classname="com.fasts.nu.student.GradeTest" time="0.002"/>
  <testcase name="should_updateGradeToA_when_marksUpdatedTo95" classname="com.fasts.nu.student.GradeTest" time="0.002"/>
  <testcase name="should_updateGradeToF_when_marksUpdatedTo30" classname="com.fasts.nu.student.GradeTest" time="0.002"/>
  <testcase name="should_allowNullName_when_nullPassedToSetName" classname="com.fasts.nu.student.StudentTest" time="0.001"/>
  <testcase name="should_returnCorrectAge_when_studentCreated" classname="com.fasts.nu.student.StudentTest" time="0.053"/>
  <testcase name="should_returnCorrectId_when_studentCreated" classname="com.fasts.nu.student.StudentTest" time="0.003"/>
  <testcase name="should_updateEmail_when_setEmailCalled" classname="com.fasts.nu.student.StudentTest" time="0.007">
    <system-out><![CDATA[Teacher added: Dr. Ahmed
]]></system-out>
  </testcase>
  <testcase name="should_storeAge_when_ageIsLargeValue" classname="com.fasts.nu.student.StudentTest" time="0.001">
    <system-out><![CDATA[Student added: Ali
Course added: Programming
=== Student Management System Demo Started ===

]]></system-out>
  </testcase>
  <testcase name="should_returnCorrectEmail_when_studentCreated" classname="com.fasts.nu.student.StudentTest" time="0.002"/>
  <testcase name="should_notMatchWrongEmail_when_differentEmailProvided" classname="com.fasts.nu.student.StudentTest" time="0.001"/>
  <testcase name="should_notMatchWrongName_when_differentNameProvided" classname="com.fasts.nu.student.StudentTest" time="0.001"/>
  <testcase name="should_allowNullEmail_when_nullPassedToSetEmail" classname="com.fasts.nu.student.StudentTest" time="0.002">
    <system-out><![CDATA[Student added: Ali
Course added: Programming
Grade assigned to Ali in Programming: A
]]></system-out>
  </testcase>
  <testcase name="should_storeAge_when_ageIsMinimumValue" classname="com.fasts.nu.student.StudentTest" time="0.001">
    <system-out><![CDATA[Student added: Ali
Student added: Sara
Course added: Programming
Ali enrolled in Programming
]]></system-out>
  </testcase>
  <testcase name="should_updateName_when_setNameCalled" classname="com.fasts.nu.student.StudentTest" time="0.002"/>
  <testcase name="should_returnCorrectName_when_studentCreated" classname="com.fasts.nu.student.StudentTest" time="0.001"/>
  <testcase name="should_assignGradeF_when_marksAre50" classname="com.fasts.nu.student.StudentManagementSystemTest" time="0.08">
    <system-out><![CDATA[Student added: Ali
Course added: Programming
Grade assigned to Ali in Programming: F
]]></system-out>
  </testcase>
  <testcase name="should_addStudent_when_validStudentProvided" classname="com.fasts.nu.student.StudentManagementSystemTest" time="0.002">
    <system-out><![CDATA[Student added: Ali
]]></system-out>
  </testcase>
  <testcase name="should_addTeacher_when_validTeacherProvided" classname="com.fasts.nu.student.StudentManagementSystemTest" time="0.003"/>
  <testcase name="should_runDemo_when_called" classname="com.fasts.nu.student.StudentManagementSystemTest" time="0.004"/>
  <testcase name="should_addCourse_when_validCourseProvided" classname="com.fasts.nu.student.StudentManagementSystemTest" time="0.004">
    <system-out><![CDATA[Course added: Programming
]]></system-out>
  </testcase>
  <testcase name="should_assignGradeA_when_marksAre95" classname="com.fasts.nu.student.StudentManagementSystemTest" time="0.001"/>
  <testcase name="should_enrollMultipleStudents_when_multipleStudentsProvided" classname="com.fasts.nu.student.StudentManagementSystemTest" time="0.002">
    <system-out><![CDATA[Sara enrolled in Programming
]]></system-out>
  </testcase>
  <testcase name="should_displayStudents_when_multipleStudentsAdded" classname="com.fasts.nu.student.StudentManagementSystemTest" time="0.003">
    <system-out><![CDATA[Student added: Ali
Student added: Sara

=== All Students ===
Student{studentId='S001', name='Ali', email='ali@nu.edu.pk', age=20}
Student{studentId='S002', name='Sara', email='sara@nu.edu.pk', age=22}
]]></system-out>
  </testcase>
  <testcase name="should_assignGrade_when_studentAndCourseExist" classname="com.fasts.nu.student.StudentManagementSystemTest" time="0.002">
    <system-out><![CDATA[Student added: Ali
Course added: Programming
Grade assigned to Ali in Programming: B
]]></system-out>
  </testcase>
</testsuite>